c:\users\baley.eccles.00\onedrive - department of education\2022\computing 2 (game design)\game design\text adventure new\text based adventure\x64\debug\vc143.pdb
c:\users\baley.eccles.00\onedrive - department of education\2022\computing 2 (game design)\game design\text adventure new\text based adventure\x64\debug\vc143.idb
c:\users\baley.eccles.00\onedrive - department of education\2022\computing 2 (game design)\game design\text adventure new\text based adventure\x64\debug\world.obj
c:\users\baley.eccles.00\onedrive - department of education\2022\computing 2 (game design)\game design\text adventure new\text based adventure\x64\debug\wands.obj
c:\users\baley.eccles.00\onedrive - department of education\2022\computing 2 (game design)\game design\text adventure new\text based adventure\x64\debug\shoproom.obj
c:\users\baley.eccles.00\onedrive - department of education\2022\computing 2 (game design)\game design\text adventure new\text based adventure\x64\debug\room.obj
c:\users\baley.eccles.00\onedrive - department of education\2022\computing 2 (game design)\game design\text adventure new\text based adventure\x64\debug\lootroom.obj
c:\users\baley.eccles.00\onedrive - department of education\2022\computing 2 (game design)\game design\text adventure new\text based adventure\x64\debug\enemyroom.obj
c:\users\baley.eccles.00\onedrive - department of education\2022\computing 2 (game design)\game design\text adventure new\text based adventure\x64\debug\clearroom.obj
c:\users\baley.eccles.00\onedrive - department of education\2022\computing 2 (game design)\game design\text adventure new\text based adventure\x64\debug\bossroom.obj
c:\users\baley.eccles.00\onedrive - department of education\2022\computing 2 (game design)\game design\text adventure new\text based adventure\x64\debug\player.obj
c:\users\baley.eccles.00\onedrive - department of education\2022\computing 2 (game design)\game design\text adventure new\text based adventure\x64\debug\main.obj
c:\users\baley.eccles.00\onedrive - department of education\2022\computing 2 (game design)\game design\text adventure new\text based adventure\x64\debug\globals.obj
c:\users\baley.eccles.00\onedrive - department of education\2022\computing 2 (game design)\game design\text adventure new\text based adventure\x64\debug\medenemy.obj
c:\users\baley.eccles.00\onedrive - department of education\2022\computing 2 (game design)\game design\text adventure new\text based adventure\x64\debug\hardenemy.obj
c:\users\baley.eccles.00\onedrive - department of education\2022\computing 2 (game design)\game design\text adventure new\text based adventure\x64\debug\enemies.obj
c:\users\baley.eccles.00\onedrive - department of education\2022\computing 2 (game design)\game design\text adventure new\text based adventure\x64\debug\easyenemy.obj
c:\users\baley.eccles.00\onedrive - department of education\2022\computing 2 (game design)\game design\text adventure new\text based adventure\x64\debug\bossenemy.obj
c:\users\baley.eccles.00\onedrive - department of education\2022\computing 2 (game design)\game design\text adventure new\text based adventure\x64\debug\text based adventure.ilk
c:\users\baley.eccles.00\onedrive - department of education\2022\computing 2 (game design)\game design\text adventure new\x64\debug\text based adventure.exe
c:\users\baley.eccles.00\onedrive - department of education\2022\computing 2 (game design)\game design\text adventure new\x64\debug\text based adventure.pdb
c:\users\baley.eccles.00\onedrive - department of education\2022\computing 2 (game design)\game design\text adventure new\text based adventure\x64\debug\text bas.1061bda9.tlog\cl.command.1.tlog
c:\users\baley.eccles.00\onedrive - department of education\2022\computing 2 (game design)\game design\text adventure new\text based adventure\x64\debug\text bas.1061bda9.tlog\cl.read.1.tlog
c:\users\baley.eccles.00\onedrive - department of education\2022\computing 2 (game design)\game design\text adventure new\text based adventure\x64\debug\text bas.1061bda9.tlog\cl.write.1.tlog
c:\users\baley.eccles.00\onedrive - department of education\2022\computing 2 (game design)\game design\text adventure new\text based adventure\x64\debug\text bas.1061bda9.tlog\link.command.1.tlog
c:\users\baley.eccles.00\onedrive - department of education\2022\computing 2 (game design)\game design\text adventure new\text based adventure\x64\debug\text bas.1061bda9.tlog\link.read.1.tlog
c:\users\baley.eccles.00\onedrive - department of education\2022\computing 2 (game design)\game design\text adventure new\text based adventure\x64\debug\text bas.1061bda9.tlog\link.write.1.tlog
